0 info it worked if it ends with ok
1 verbose cli [ '/usr/bin/node', '/usr/bin/npm', 'install' ]
2 info using npm@1.4.28
3 info using node@v0.10.38
4 verbose node symlink /usr/bin/node
5 warn package.json code-rally@0.0.1 No repository field.
6 verbose readDependencies using package.json deps
7 verbose install where, deps [ '/home/vagrant/app',
7 verbose install   [ 'codemirror',
7 verbose install     'director',
7 verbose install     'es6-promise',
7 verbose install     'express',
7 verbose install     'handlebars',
7 verbose install     'insert-css',
7 verbose install     'jade',
7 verbose install     'livedb-mongo',
7 verbose install     'lodash',
7 verbose install     'normalize.css',
7 verbose install     'racer',
7 verbose install     'racer-browserchannel',
7 verbose install     'racer-bundle',
7 verbose install     'racer-schema',
7 verbose install     'redis',
7 verbose install     'stringify',
7 verbose install     'stylus',
7 verbose install     'superagent',
7 verbose install     'vue',
7 verbose install     'vueify',
7 verbose install     'ericmcdaniel/vue-panel' ] ]
8 info preinstall code-rally@0.0.1
9 warn package.json vue-panel@1.0.0 No repository field.
10 verbose readDependencies using package.json deps
11 verbose already installed skipping director@^1.2.8 /home/vagrant/app
12 verbose already installed skipping es6-promise@^2.1.1 /home/vagrant/app
13 verbose already installed skipping express@^3.4.8 /home/vagrant/app
14 verbose already installed skipping handlebars@^1.3.0 /home/vagrant/app
15 verbose already installed skipping insert-css@^0.2.0 /home/vagrant/app
16 verbose already installed skipping jade@^1.9.2 /home/vagrant/app
17 verbose already installed skipping livedb-mongo@^0.3.4 /home/vagrant/app
18 verbose already installed skipping lodash@^3.9.1 /home/vagrant/app
19 verbose already installed skipping normalize.css@^3.0.3 /home/vagrant/app
20 verbose already installed skipping racer@^0.6.0-alpha39 /home/vagrant/app
21 verbose already installed skipping racer-browserchannel@^0.3.0 /home/vagrant/app
22 verbose already installed skipping racer-bundle@^0.1.1 /home/vagrant/app
23 verbose already installed skipping racer-schema@^0.1.2 /home/vagrant/app
24 verbose already installed skipping redis@^0.10.3 /home/vagrant/app
25 verbose already installed skipping stringify@^3.1.0 /home/vagrant/app
26 verbose already installed skipping stylus@^0.51.1 /home/vagrant/app
27 verbose already installed skipping superagent@^1.2.0 /home/vagrant/app
28 verbose already installed skipping vue@^0.12.0 /home/vagrant/app
29 verbose already installed skipping vueify@^1.1.5 /home/vagrant/app
30 verbose cache add [ 'ericmcdaniel/vue-panel@*', null ]
31 verbose cache add name=undefined spec="ericmcdaniel/vue-panel@*" args=["ericmcdaniel/vue-panel@*",null]
32 verbose parsed url { protocol: null,
32 verbose parsed url   slashes: null,
32 verbose parsed url   auth: null,
32 verbose parsed url   host: null,
32 verbose parsed url   port: null,
32 verbose parsed url   hostname: null,
32 verbose parsed url   hash: null,
32 verbose parsed url   search: null,
32 verbose parsed url   query: null,
32 verbose parsed url   pathname: 'ericmcdaniel/vue-panel@*',
32 verbose parsed url   path: 'ericmcdaniel/vue-panel@*',
32 verbose parsed url   href: 'ericmcdaniel/vue-panel@*' }
33 verbose already installed skipping codemirror@^5.3.0 /home/vagrant/app
34 verbose cache add name="ericmcdaniel/vue-panel" spec="*" args=["ericmcdaniel/vue-panel","*"]
35 verbose parsed url { protocol: null,
35 verbose parsed url   slashes: null,
35 verbose parsed url   auth: null,
35 verbose parsed url   host: null,
35 verbose parsed url   port: null,
35 verbose parsed url   hostname: null,
35 verbose parsed url   hash: null,
35 verbose parsed url   search: null,
35 verbose parsed url   query: null,
35 verbose parsed url   pathname: '*',
35 verbose parsed url   path: '*',
35 verbose parsed url   href: '*' }
36 verbose addNamed [ 'ericmcdaniel/vue-panel', '*' ]
37 verbose addNamed [ null, '*' ]
38 silly lockFile 633144f8-ericmcdaniel-vue-panel ericmcdaniel/vue-panel@*
39 verbose lock ericmcdaniel/vue-panel@* /home/vagrant/.npm/633144f8-ericmcdaniel-vue-panel.lock
40 silly addNameRange { name: 'ericmcdaniel/vue-panel', range: '*', hasData: false }
41 verbose request where is /ericmcdaniel/vue-panel
42 verbose request registry https://registry.npmjs.org/
43 verbose request id 8a9a7d453a6e5926
44 verbose url raw /ericmcdaniel/vue-panel
45 verbose url resolving [ 'https://registry.npmjs.org/', './ericmcdaniel/vue-panel' ]
46 verbose url resolved https://registry.npmjs.org/ericmcdaniel/vue-panel
47 verbose request where is https://registry.npmjs.org/ericmcdaniel/vue-panel
48 info trying registry request attempt 1 at 23:13:48
49 http GET https://registry.npmjs.org/ericmcdaniel/vue-panel
50 http 404 https://registry.npmjs.org/ericmcdaniel/vue-panel
51 verbose headers { server: 'CouchDB/1.5.0 (Erlang OTP/R16B03)',
51 verbose headers   'content-type': 'application/json',
51 verbose headers   'cache-control': 'max-age=0',
51 verbose headers   'content-length': '51',
51 verbose headers   'accept-ranges': 'bytes',
51 verbose headers   date: 'Sat, 13 Jun 2015 23:13:49 GMT',
51 verbose headers   via: '1.1 varnish',
51 verbose headers   age: '0',
51 verbose headers   connection: 'keep-alive',
51 verbose headers   'x-served-by': 'cache-jfk1027-JFK',
51 verbose headers   'x-cache': 'MISS',
51 verbose headers   'x-cache-hits': '0',
51 verbose headers   'x-timer': 'S1434237228.900791,VS0,VE349' }
52 silly registry.get cb [ 404,
52 silly registry.get   { server: 'CouchDB/1.5.0 (Erlang OTP/R16B03)',
52 silly registry.get     'content-type': 'application/json',
52 silly registry.get     'cache-control': 'max-age=0',
52 silly registry.get     'content-length': '51',
52 silly registry.get     'accept-ranges': 'bytes',
52 silly registry.get     date: 'Sat, 13 Jun 2015 23:13:49 GMT',
52 silly registry.get     via: '1.1 varnish',
52 silly registry.get     age: '0',
52 silly registry.get     connection: 'keep-alive',
52 silly registry.get     'x-served-by': 'cache-jfk1027-JFK',
52 silly registry.get     'x-cache': 'MISS',
52 silly registry.get     'x-cache-hits': '0',
52 silly registry.get     'x-timer': 'S1434237228.900791,VS0,VE349' } ]
53 silly lockFile 633144f8-ericmcdaniel-vue-panel ericmcdaniel/vue-panel@*
54 silly lockFile 633144f8-ericmcdaniel-vue-panel ericmcdaniel/vue-panel@*
55 error 404 404 Not Found: ericmcdaniel
55 error 404
55 error 404 'ericmcdaniel' is not in the npm registry.
55 error 404 You should bug the author to publish it
55 error 404 It was specified as a dependency of 'code-rally'
55 error 404
55 error 404 Note that you can also install from a
55 error 404 tarball, folder, or http url, or git url.
56 error System Linux 3.16.0-4-amd64
57 error command "/usr/bin/node" "/usr/bin/npm" "install"
58 error cwd /home/vagrant/app
59 error node -v v0.10.38
60 error npm -v 1.4.28
61 error code E404
62 verbose exit [ 1, true ]
